0 info it worked if it ends with ok
1 verbose cli [ '/Users/lirsacc/.nvm/versions/node/v0.12.3/bin/node',
1 verbose cli   '/Users/lirsacc/.nvm/versions/node/v0.12.3/bin/npm',
1 verbose cli   'run',
1 verbose cli   'lint' ]
2 info using npm@2.9.1
3 info using node@v0.12.3
4 verbose run-script [ 'prelint', 'lint', 'postlint' ]
5 info prelint landmarker-io@0.0.1
6 info lint landmarker-io@0.0.1
7 verbose unsafe-perm in lifecycle true
8 info landmarker-io@0.0.1 Failed to exec lint script
9 verbose stack Error: landmarker-io@0.0.1 lint: `jshint --config .jshintrc --reporter node_modules/jshint-stylish/index.js src/js/`
9 verbose stack Exit status 2
9 verbose stack     at EventEmitter.<anonymous> (/Users/lirsacc/.nvm/versions/node/v0.12.3/lib/node_modules/npm/lib/utils/lifecycle.js:213:16)
9 verbose stack     at EventEmitter.emit (events.js:110:17)
9 verbose stack     at ChildProcess.<anonymous> (/Users/lirsacc/.nvm/versions/node/v0.12.3/lib/node_modules/npm/lib/utils/spawn.js:24:14)
9 verbose stack     at ChildProcess.emit (events.js:110:17)
9 verbose stack     at maybeClose (child_process.js:1015:16)
9 verbose stack     at Process.ChildProcess._handle.onexit (child_process.js:1087:5)
10 verbose pkgid landmarker-io@0.0.1
11 verbose cwd /Users/lirsacc/projects/msc/landmarker.io
12 error Darwin 14.3.0
13 error argv "/Users/lirsacc/.nvm/versions/node/v0.12.3/bin/node" "/Users/lirsacc/.nvm/versions/node/v0.12.3/bin/npm" "run" "lint"
14 error node v0.12.3
15 error npm  v2.9.1
16 error code ELIFECYCLE
17 error landmarker-io@0.0.1 lint: `jshint --config .jshintrc --reporter node_modules/jshint-stylish/index.js src/js/`
17 error Exit status 2
18 error Failed at the landmarker-io@0.0.1 lint script 'jshint --config .jshintrc --reporter node_modules/jshint-stylish/index.js src/js/'.
18 error This is most likely a problem with the landmarker-io package,
18 error not with npm itself.
18 error Tell the author that this fails on your system:
18 error     jshint --config .jshintrc --reporter node_modules/jshint-stylish/index.js src/js/
18 error You can get their info via:
18 error     npm owner ls landmarker-io
18 error There is likely additional logging output above.
19 verbose exit [ 1, true ]
